\BOOKMARK [0][-]{chapter*.2}{Resumo}{}% 1
\BOOKMARK [0][-]{chapter.1}{Introdu\347\343o}{}% 2
\BOOKMARK [0][-]{chapter.2}{Fundamenta\347\343o Te\363rica}{}% 3
\BOOKMARK [0][-]{chapter.3}{Metodologia de Pesquisa}{}% 4
\BOOKMARK [0][-]{chapter.4}{Tecnologias utilizadas}{}% 5
\BOOKMARK [0][-]{chapter.5}{Modelagem do Sistema}{}% 6
\BOOKMARK [0][-]{chapter.6}{Estrutura do projeto}{}% 7
\BOOKMARK [1][-]{section.6.1}{M\363dulo de cria\347\343o de um novo site est\341tico}{chapter.6}% 8
\BOOKMARK [1][-]{section.6.2}{Configura\347\365es dispon\355veis}{chapter.6}% 9
\BOOKMARK [1][-]{section.6.3}{Cria\347\343o de novos posts}{chapter.6}% 10
\BOOKMARK [2][-]{subsection.6.3.1}{Meta-informa\347\365es e configura\347\365es de posts}{section.6.3}% 11
\BOOKMARK [1][-]{section.6.4}{Gera\347\343o do site est\341tico}{chapter.6}% 12
\BOOKMARK [1][-]{section.6.5}{Execu\347\343o do site est\341tico}{chapter.6}% 13
\BOOKMARK [0][-]{chapter.7}{Escopo do Trabalho}{}% 14
\BOOKMARK [1][-]{section.7.1}{Medicina Ub\355qua: Principais Demandas}{chapter.7}% 15
\BOOKMARK [0][-]{chapter.8}{Objetivo}{}% 16
\BOOKMARK [0][-]{chapter.9}{Trabalhos Futuros}{}% 17
\BOOKMARK [1][-]{section.9.1}{Plugins}{chapter.9}% 18
\BOOKMARK [1][-]{section.9.2}{Melhorias no desenvolvimento de temas}{chapter.9}% 19
\BOOKMARK [0][-]{chapter*.3}{Refer\352ncias}{}% 20
\BOOKMARK [0][-]{chapter.10}{Assinatura}{}% 21
